{
  "stats": {
    "suites": 4,
    "tests": 4,
    "passes": 4,
    "pending": 0,
    "failures": 0,
    "testsRegistered": 4,
    "passPercent": 100,
    "pendingPercent": 0,
    "other": 0,
    "hasOther": false,
    "skipped": 0,
    "hasSkipped": false,
    "start": "2025-09-22T18:08:18.527Z",
    "end": "2025-09-22T21:18:38.963Z",
    "duration": 11420436
  },
  "results": [
    {
      "uuid": "5700b1f9-129c-4707-9090-fd73b67008ee",
      "title": "",
      "fullFile": "cypress/e2e/google/search.cy.js",
      "file": "cypress/e2e/google/search.cy.js",
      "beforeHooks": [],
      "afterHooks": [],
      "tests": [],
      "suites": [
        {
          "uuid": "9b91c277-530b-4ef6-bf09-55bcf0246769",
          "title": "simple search",
          "fullFile": "",
          "file": "",
          "beforeHooks": [],
          "afterHooks": [],
          "tests": [
            {
              "title": "should be able to perform a search in Amazon.com",
              "fullTitle": "simple search should be able to perform a search in Amazon.com",
              "timedOut": null,
              "duration": 5324,
              "state": "passed",
              "speed": "medium",
              "pass": true,
              "fail": false,
              "pending": false,
              "context": null,
              "code": "cy.visit('https://www.amazon.com');\ncy.get('[name=\"field-keywords\"]').type('Keyboard{enter}');",
              "err": {},
              "uuid": "ee46944a-af2b-4505-a167-632b6eb25de6",
              "parentUUID": "9b91c277-530b-4ef6-bf09-55bcf0246769",
              "isHook": false,
              "skipped": false
            }
          ],
          "suites": [],
          "passes": [
            "ee46944a-af2b-4505-a167-632b6eb25de6"
          ],
          "failures": [],
          "pending": [],
          "skipped": [],
          "duration": 5324,
          "root": false,
          "rootEmpty": false,
          "_timeout": 2000
        }
      ],
      "passes": [],
      "failures": [],
      "pending": [],
      "skipped": [],
      "duration": 0,
      "root": true,
      "rootEmpty": true,
      "_timeout": 2000
    },
    {
      "uuid": "6f2f4b30-44f2-4729-aacc-ad4fddc533db",
      "title": "",
      "fullFile": "cypress/e2e/google/search.cy.js",
      "file": "cypress/e2e/google/search.cy.js",
      "beforeHooks": [],
      "afterHooks": [],
      "tests": [],
      "suites": [
        {
          "uuid": "f09422ef-dbda-47ab-95bc-e319ea1e5f7c",
          "title": "simple search",
          "fullFile": "",
          "file": "",
          "beforeHooks": [],
          "afterHooks": [],
          "tests": [
            {
              "title": "should be able to perform a search in Amazon.com",
              "fullTitle": "simple search should be able to perform a search in Amazon.com",
              "timedOut": null,
              "duration": 5370,
              "state": "passed",
              "speed": "medium",
              "pass": true,
              "fail": false,
              "pending": false,
              "context": null,
              "code": "cy.visit('https://www.amazon.com');\ncy.get('[name=\"field-keywords\"]').type('Keyboard{enter}');",
              "err": {},
              "uuid": "e3565633-8f74-47b6-9490-fc4ea9a63b65",
              "parentUUID": "f09422ef-dbda-47ab-95bc-e319ea1e5f7c",
              "isHook": false,
              "skipped": false
            }
          ],
          "suites": [],
          "passes": [
            "e3565633-8f74-47b6-9490-fc4ea9a63b65"
          ],
          "failures": [],
          "pending": [],
          "skipped": [],
          "duration": 5370,
          "root": false,
          "rootEmpty": false,
          "_timeout": 2000
        }
      ],
      "passes": [],
      "failures": [],
      "pending": [],
      "skipped": [],
      "duration": 0,
      "root": true,
      "rootEmpty": true,
      "_timeout": 2000
    },
    {
      "uuid": "8f182493-6ee8-4032-a997-d0ac77469a67",
      "title": "",
      "fullFile": "cypress/e2e/google/search.cy.js",
      "file": "cypress/e2e/google/search.cy.js",
      "beforeHooks": [],
      "afterHooks": [],
      "tests": [],
      "suites": [
        {
          "uuid": "e5eef501-6c8b-4be5-be02-5bdbd2b6d1b8",
          "title": "simple search",
          "fullFile": "",
          "file": "",
          "beforeHooks": [],
          "afterHooks": [],
          "tests": [
            {
              "title": "should be able to perform a search in Amazon.com",
              "fullTitle": "simple search should be able to perform a search in Amazon.com",
              "timedOut": null,
              "duration": 4941,
              "state": "passed",
              "speed": "fast",
              "pass": true,
              "fail": false,
              "pending": false,
              "context": null,
              "code": "cy.visit('https://www.amazon.com');\ncy.get('[name=\"field-keywords\"]').type('Keyboard{enter}');",
              "err": {},
              "uuid": "39c6d056-7420-452a-97fb-4c9484cd818a",
              "parentUUID": "e5eef501-6c8b-4be5-be02-5bdbd2b6d1b8",
              "isHook": false,
              "skipped": false
            }
          ],
          "suites": [],
          "passes": [
            "39c6d056-7420-452a-97fb-4c9484cd818a"
          ],
          "failures": [],
          "pending": [],
          "skipped": [],
          "duration": 4941,
          "root": false,
          "rootEmpty": false,
          "_timeout": 2000
        }
      ],
      "passes": [],
      "failures": [],
      "pending": [],
      "skipped": [],
      "duration": 0,
      "root": true,
      "rootEmpty": true,
      "_timeout": 2000
    },
    {
      "uuid": "ee3c09ab-8d7f-4676-974d-04adb4b9e7bb",
      "title": "",
      "fullFile": "cypress/e2e/google/search.cy.js",
      "file": "cypress/e2e/google/search.cy.js",
      "beforeHooks": [],
      "afterHooks": [],
      "tests": [],
      "suites": [
        {
          "uuid": "5cf43f57-fc06-4149-8ed4-594efd382ff0",
          "title": "simple search",
          "fullFile": "",
          "file": "",
          "beforeHooks": [],
          "afterHooks": [],
          "tests": [
            {
              "title": "should be able to perform a search in Amazon.com",
              "fullTitle": "simple search should be able to perform a search in Amazon.com",
              "timedOut": null,
              "duration": 5439,
              "state": "passed",
              "speed": "medium",
              "pass": true,
              "fail": false,
              "pending": false,
              "context": null,
              "code": "cy.visit('https://www.amazon.com');\ncy.get('[name=\"field-keywords\"]').type('Keyboard{enter}');",
              "err": {},
              "uuid": "52aee954-d38c-4057-8c68-85fb166561f2",
              "parentUUID": "5cf43f57-fc06-4149-8ed4-594efd382ff0",
              "isHook": false,
              "skipped": false
            }
          ],
          "suites": [],
          "passes": [
            "52aee954-d38c-4057-8c68-85fb166561f2"
          ],
          "failures": [],
          "pending": [],
          "skipped": [],
          "duration": 5439,
          "root": false,
          "rootEmpty": false,
          "_timeout": 2000
        }
      ],
      "passes": [],
      "failures": [],
      "pending": [],
      "skipped": [],
      "duration": 0,
      "root": true,
      "rootEmpty": true,
      "_timeout": 2000
    }
  ],
  "meta": {
    "mocha": {
      "version": "7.2.0"
    },
    "mochawesome": {
      "options": {
        "quiet": false,
        "reportFilename": "mochawesome",
        "saveHtml": false,
        "saveJson": true,
        "consoleReporter": "spec",
        "useInlineDiffs": false,
        "code": true
      },
      "version": "7.1.4"
    },
    "marge": {
      "options": {
        "reportDir": "cypress/results",
        "overwrite": false,
        "html": false,
        "json": true
      },
      "version": "6.3.0"
    }
  }
}